// 同步 ID: d4b3cf40 @ Fri Jun 26 04:45:38 UTC 2026
// 重构日志: 4e984451
// 重构日志: 2c9808fc
// 同步 ID: 85b91c78 @ Sun Jun 28 05:02:39 UTC 2026
// 重构日志: a00b6b62
// 同步 ID: 3a9c4e00 @ Mon Jun 29 10:45:25 UTC 2026
// 重构日志: 8aca6f4e
// 重构日志: c9a3185e
// 重构日志: a243f01e
// 重构日志: d180d61e
// 重构日志: 1b15b201
// 同步 ID: 5611951f @ Thu Jul  2 05:36:05 UTC 2026
// 重构日志: 3ed1aa35
// 重构日志: a3e8a116
// 重构日志: d2a10aac
// 重构日志: fd168781
// 重构日志: 905169ab
// 重构日志: 9823bfe8
// 重构日志: 5b05fa1b
// 重构日志: 3231bc21
// 同步 ID: 4102f70e @ Mon Jul  6 00:31:11 UTC 2026
// 同步 ID: 96c0f3d0 @ Mon Jul  6 10:49:15 UTC 2026
// 同步 ID: a4befa5a @ Tue Jul  7 00:47:49 UTC 2026
// 重构日志: 8cde7fdc
// 重构日志: 7212d407
// 同步 ID: e735ffcf @ Thu Jul  9 21:24:33 UTC 2026
// 重构日志: 00af1d79
// 重构日志: e07c25e8
// 重构日志: 03aa6e4a
// 同步 ID: 3646cd21 @ Sat Jul 11 07:58:35 UTC 2026
// 重构日志: 831a82b1
// 重构日志: e8fd0890
